<?xml version="1.0" encoding="UTF-8"?>
<!-- Generated by org.testng.reporters.JUnitReportReporter -->
<testsuite hostname="DESKTOP-2H81BB2" failures="0" tests="3" name="runner.TestRunner" time="81.597" errors="0" timestamp="2025-09-07T13:02:02 IST" skipped="0">
  <testcase classname="runner.TestRunner" name="runScenario" time="39.554"/>
  <testcase classname="runner.TestRunner" name="runScenario" time="18.547"/>
  <testcase classname="runner.TestRunner" name="runScenario" time="23.496"/>
</testsuite> <!-- runner.TestRunner -->
