<?xml version="1.0" encoding="UTF-8"?>
<!-- Generated by org.testng.reporters.JUnitReportReporter -->
<testsuite hostname="DESKTOP-2H81BB2" failures="0" tests="4" name="runner.TestRunner" time="164.725" errors="0" timestamp="2025-09-08T21:24:39 IST" skipped="0">
  <testcase classname="runner.TestRunner" name="runScenario" time="43.157"/>
  <testcase classname="runner.TestRunner" name="runScenario" time="42.053"/>
  <testcase classname="runner.TestRunner" name="runScenario" time="35.647"/>
  <testcase classname="runner.TestRunner" name="runScenario" time="43.868"/>
</testsuite> <!-- runner.TestRunner -->
